<?xml version="1.0" encoding="UTF-8"?>
<!-- Generated by org.testng.reporters.JUnitReportReporter -->
<testsuite hostname="LAPTOP-73G4HDQT" failures="0" tests="1" name="com.testing.test7" time="10.624" errors="0" timestamp="2 Jun 2023 06:03:52 GMT">
  <testcase classname="com.testing.test7" name="f" time="10.624"/>
</testsuite> <!-- com.testing.test7 -->
